[2018-06-12T11:02:17.802] [ERROR] cheese - ReferenceError: success is not defined
    at IndexRouter.getIndex (F:\workspaces\gitweb\dist\routers\IndexRouter.js:50:19)
    at memberInvoker (F:\workspaces\gitweb\node_modules\awilix-koa\lib\invokers.js:80:45)
    at dispatch (F:\workspaces\gitweb\node_modules\koa-router\node_modules\koa-compose\index.js:44:32)
    at next (F:\workspaces\gitweb\node_modules\koa-router\node_modules\koa-compose\index.js:45:18)
    at F:\workspaces\gitweb\node_modules\koa-router\lib\router.js:346:16
    at dispatch (F:\workspaces\gitweb\node_modules\koa-router\node_modules\koa-compose\index.js:44:32)
    at F:\workspaces\gitweb\node_modules\koa-router\node_modules\koa-compose\index.js:36:12
    at dispatch (F:\workspaces\gitweb\node_modules\koa-router\lib\router.js:351:31)
    at dispatch (F:\workspaces\gitweb\node_modules\koa-compose\index.js:42:32)
    at F:\workspaces\gitweb\node_modules\koa-compose\index.js:34:12
[2018-06-12T11:02:17.913] [ERROR] cheese - { Error: ENOENT: no such file or directory, open 'F:\workspaces\gitweb\dist\views\404.html'
  errno: -4058,
  code: 'ENOENT',
  syscall: 'open',
  path: 'F:\\workspaces\\gitweb\\dist\\views\\404.html' }
[2018-06-12T11:02:52.284] [ERROR] cheese - ReferenceError: success is not defined
    at IndexRouter.getIndex (F:\workspaces\gitweb\dist\routers\IndexRouter.js:50:19)
    at memberInvoker (F:\workspaces\gitweb\node_modules\awilix-koa\lib\invokers.js:80:45)
    at dispatch (F:\workspaces\gitweb\node_modules\koa-router\node_modules\koa-compose\index.js:44:32)
    at next (F:\workspaces\gitweb\node_modules\koa-router\node_modules\koa-compose\index.js:45:18)
    at F:\workspaces\gitweb\node_modules\koa-router\lib\router.js:346:16
    at dispatch (F:\workspaces\gitweb\node_modules\koa-router\node_modules\koa-compose\index.js:44:32)
    at F:\workspaces\gitweb\node_modules\koa-router\node_modules\koa-compose\index.js:36:12
    at dispatch (F:\workspaces\gitweb\node_modules\koa-router\lib\router.js:351:31)
    at dispatch (F:\workspaces\gitweb\node_modules\koa-compose\index.js:42:32)
    at F:\workspaces\gitweb\node_modules\koa-compose\index.js:34:12
[2018-06-12T11:02:52.308] [ERROR] cheese - { Error: ENOENT: no such file or directory, open 'F:\workspaces\gitweb\dist\views\404.html'
  errno: -4058,
  code: 'ENOENT',
  syscall: 'open',
  path: 'F:\\workspaces\\gitweb\\dist\\views\\404.html' }
[2018-06-12T11:03:52.229] [ERROR] cheese - ReferenceError: success is not defined
    at IndexRouter.getIndex (F:\workspaces\gitweb\dist\routers\IndexRouter.js:50:19)
    at memberInvoker (F:\workspaces\gitweb\node_modules\awilix-koa\lib\invokers.js:80:45)
    at dispatch (F:\workspaces\gitweb\node_modules\koa-router\node_modules\koa-compose\index.js:44:32)
    at next (F:\workspaces\gitweb\node_modules\koa-router\node_modules\koa-compose\index.js:45:18)
    at F:\workspaces\gitweb\node_modules\koa-router\lib\router.js:346:16
    at dispatch (F:\workspaces\gitweb\node_modules\koa-router\node_modules\koa-compose\index.js:44:32)
    at F:\workspaces\gitweb\node_modules\koa-router\node_modules\koa-compose\index.js:36:12
    at dispatch (F:\workspaces\gitweb\node_modules\koa-router\lib\router.js:351:31)
    at dispatch (F:\workspaces\gitweb\node_modules\koa-compose\index.js:42:32)
    at F:\workspaces\gitweb\node_modules\koa-compose\index.js:34:12
[2018-06-12T11:03:52.310] [ERROR] cheese - { Error: ENOENT: no such file or directory, open 'F:\workspaces\gitweb\dist\views\404.html'
  errno: -4058,
  code: 'ENOENT',
  syscall: 'open',
  path: 'F:\\workspaces\\gitweb\\dist\\views\\404.html' }
[2018-06-12T11:04:42.691] [ERROR] cheese - { Error: ENOENT: no such file or directory, open 'F:\workspaces\gitweb\dist\views\404.html'
  errno: -4058,
  code: 'ENOENT',
  syscall: 'open',
  path: 'F:\\workspaces\\gitweb\\dist\\views\\404.html' }
[2018-06-12T11:04:53.180] [ERROR] cheese - { Error: ENOENT: no such file or directory, open 'F:\workspaces\gitweb\dist\views\404.html'
  errno: -4058,
  code: 'ENOENT',
  syscall: 'open',
  path: 'F:\\workspaces\\gitweb\\dist\\views\\404.html' }
[2018-06-12T11:04:53.209] [ERROR] cheese - { Error: ENOENT: no such file or directory, open 'F:\workspaces\gitweb\dist\views\404.html'
  errno: -4058,
  code: 'ENOENT',
  syscall: 'open',
  path: 'F:\\workspaces\\gitweb\\dist\\views\\404.html' }
[2018-06-12T11:08:14.523] [ERROR] cheese - { Error: ENOENT: no such file or directory, open 'F:\workspaces\gitweb\dist\views\404.html'
  errno: -4058,
  code: 'ENOENT',
  syscall: 'open',
  path: 'F:\\workspaces\\gitweb\\dist\\views\\404.html' }
[2018-06-12T11:08:14.558] [ERROR] cheese - { Error: ENOENT: no such file or directory, open 'F:\workspaces\gitweb\dist\views\404.html'
  errno: -4058,
  code: 'ENOENT',
  syscall: 'open',
  path: 'F:\\workspaces\\gitweb\\dist\\views\\404.html' }
[2018-06-12T11:14:35.562] [ERROR] cheese - { Error: ENOENT: no such file or directory, open 'F:\workspaces\gitweb\dist\views\404.html'
  errno: -4058,
  code: 'ENOENT',
  syscall: 'open',
  path: 'F:\\workspaces\\gitweb\\dist\\views\\404.html' }
[2018-06-12T11:14:41.146] [ERROR] cheese - { Error: ENOENT: no such file or directory, open 'F:\workspaces\gitweb\dist\views\404.html'
  errno: -4058,
  code: 'ENOENT',
  syscall: 'open',
  path: 'F:\\workspaces\\gitweb\\dist\\views\\404.html' }
[2018-06-12T11:14:50.004] [ERROR] cheese - ReferenceError: shell is not defined
    at UserService.getBranchList (F:\workspaces\gitweb\dist\services\IndexService.js:23:20)
    at UserRouter.getBranchList (F:\workspaces\gitweb\dist\routers\UserRouters.js:59:43)
    at memberInvoker (F:\workspaces\gitweb\node_modules\awilix-koa\lib\invokers.js:80:45)
    at dispatch (F:\workspaces\gitweb\node_modules\koa-router\node_modules\koa-compose\index.js:44:32)
    at next (F:\workspaces\gitweb\node_modules\koa-router\node_modules\koa-compose\index.js:45:18)
    at F:\workspaces\gitweb\node_modules\koa-router\lib\router.js:346:16
    at dispatch (F:\workspaces\gitweb\node_modules\koa-router\node_modules\koa-compose\index.js:44:32)
    at F:\workspaces\gitweb\node_modules\koa-router\node_modules\koa-compose\index.js:36:12
    at dispatch (F:\workspaces\gitweb\node_modules\koa-router\lib\router.js:351:31)
    at dispatch (F:\workspaces\gitweb\node_modules\koa-compose\index.js:42:32)
[2018-06-12T11:14:50.032] [ERROR] cheese - { Error: ENOENT: no such file or directory, open 'F:\workspaces\gitweb\dist\views\404.html'
  errno: -4058,
  code: 'ENOENT',
  syscall: 'open',
  path: 'F:\\workspaces\\gitweb\\dist\\views\\404.html' }
[2018-06-12T11:15:24.593] [ERROR] cheese - ReferenceError: shell is not defined
    at UserService.getBranchList (F:\workspaces\gitweb\dist\services\IndexService.js:23:20)
    at UserRouter.getBranchList (F:\workspaces\gitweb\dist\routers\UserRouters.js:59:43)
    at memberInvoker (F:\workspaces\gitweb\node_modules\awilix-koa\lib\invokers.js:80:45)
    at dispatch (F:\workspaces\gitweb\node_modules\koa-router\node_modules\koa-compose\index.js:44:32)
    at next (F:\workspaces\gitweb\node_modules\koa-router\node_modules\koa-compose\index.js:45:18)
    at F:\workspaces\gitweb\node_modules\koa-router\lib\router.js:346:16
    at dispatch (F:\workspaces\gitweb\node_modules\koa-router\node_modules\koa-compose\index.js:44:32)
    at F:\workspaces\gitweb\node_modules\koa-router\node_modules\koa-compose\index.js:36:12
    at dispatch (F:\workspaces\gitweb\node_modules\koa-router\lib\router.js:351:31)
    at dispatch (F:\workspaces\gitweb\node_modules\koa-compose\index.js:42:32)
[2018-06-12T11:15:24.628] [ERROR] cheese - { Error: ENOENT: no such file or directory, open 'F:\workspaces\gitweb\dist\views\404.html'
  errno: -4058,
  code: 'ENOENT',
  syscall: 'open',
  path: 'F:\\workspaces\\gitweb\\dist\\views\\404.html' }
[2018-06-12T11:16:45.780] [ERROR] cheese - { Error: ENOENT: no such file or directory, open 'F:\workspaces\gitweb\dist\views\404.html'
  errno: -4058,
  code: 'ENOENT',
  syscall: 'open',
  path: 'F:\\workspaces\\gitweb\\dist\\views\\404.html' }
[2018-06-12T11:16:45.813] [ERROR] cheese - { Error: ENOENT: no such file or directory, open 'F:\workspaces\gitweb\dist\views\404.html'
  errno: -4058,
  code: 'ENOENT',
  syscall: 'open',
  path: 'F:\\workspaces\\gitweb\\dist\\views\\404.html' }
[2018-06-12T11:16:47.805] [ERROR] cheese - { Error: ENOENT: no such file or directory, open 'F:\workspaces\gitweb\dist\views\404.html'
  errno: -4058,
  code: 'ENOENT',
  syscall: 'open',
  path: 'F:\\workspaces\\gitweb\\dist\\views\\404.html' }
[2018-06-12T11:16:47.836] [ERROR] cheese - { Error: ENOENT: no such file or directory, open 'F:\workspaces\gitweb\dist\views\404.html'
  errno: -4058,
  code: 'ENOENT',
  syscall: 'open',
  path: 'F:\\workspaces\\gitweb\\dist\\views\\404.html' }
[2018-06-12T11:17:17.856] [ERROR] cheese - { Error: ENOENT: no such file or directory, open 'F:\workspaces\gitweb\dist\views\404.html'
  errno: -4058,
  code: 'ENOENT',
  syscall: 'open',
  path: 'F:\\workspaces\\gitweb\\dist\\views\\404.html' }
[2018-06-12T11:17:56.075] [ERROR] cheese - { Error: ENOENT: no such file or directory, open 'F:\workspaces\gitweb\dist\views\404.html'
  errno: -4058,
  code: 'ENOENT',
  syscall: 'open',
  path: 'F:\\workspaces\\gitweb\\dist\\views\\404.html' }
[2018-06-12T11:17:56.108] [ERROR] cheese - { Error: ENOENT: no such file or directory, open 'F:\workspaces\gitweb\dist\views\404.html'
  errno: -4058,
  code: 'ENOENT',
  syscall: 'open',
  path: 'F:\\workspaces\\gitweb\\dist\\views\\404.html' }
[2018-06-12T11:54:22.246] [ERROR] cheese - { Error: ENOENT: no such file or directory, open 'F:\workspaces\gitweb\dist\views\404.html'
  errno: -4058,
  code: 'ENOENT',
  syscall: 'open',
  path: 'F:\\workspaces\\gitweb\\dist\\views\\404.html' }
[2018-06-12T11:54:22.277] [ERROR] cheese - { Error: ENOENT: no such file or directory, open 'F:\workspaces\gitweb\dist\views\404.html'
  errno: -4058,
  code: 'ENOENT',
  syscall: 'open',
  path: 'F:\\workspaces\\gitweb\\dist\\views\\404.html' }
[2018-06-12T11:54:32.521] [ERROR] cheese - { Error: ENOENT: no such file or directory, open 'F:\workspaces\gitweb\dist\views\404.html'
  errno: -4058,
  code: 'ENOENT',
  syscall: 'open',
  path: 'F:\\workspaces\\gitweb\\dist\\views\\404.html' }
[2018-06-12T11:55:11.194] [ERROR] cheese - { Error: ENOENT: no such file or directory, open 'F:\workspaces\gitweb\dist\views\404.html'
  errno: -4058,
  code: 'ENOENT',
  syscall: 'open',
  path: 'F:\\workspaces\\gitweb\\dist\\views\\404.html' }
[2018-06-12T11:55:13.498] [ERROR] cheese - { Error: ENOENT: no such file or directory, open 'F:\workspaces\gitweb\dist\views\404.html'
  errno: -4058,
  code: 'ENOENT',
  syscall: 'open',
  path: 'F:\\workspaces\\gitweb\\dist\\views\\404.html' }
[2018-06-12T12:23:01.231] [ERROR] cheese - { Error: ENOENT: no such file or directory, open 'F:\workspaces\gitweb\dist\views\404.html'
  errno: -4058,
  code: 'ENOENT',
  syscall: 'open',
  path: 'F:\\workspaces\\gitweb\\dist\\views\\404.html' }
[2018-06-12T12:23:17.813] [ERROR] cheese - ReferenceError: shell is not defined
    at UserService.getBranchList (F:\workspaces\gitweb\dist\services\IndexService.js:23:20)
    at UserRouter.getBranchList (F:\workspaces\gitweb\dist\routers\UserRouters.js:59:43)
    at memberInvoker (F:\workspaces\gitweb\node_modules\awilix-koa\lib\invokers.js:80:45)
    at dispatch (F:\workspaces\gitweb\node_modules\koa-router\node_modules\koa-compose\index.js:44:32)
    at next (F:\workspaces\gitweb\node_modules\koa-router\node_modules\koa-compose\index.js:45:18)
    at F:\workspaces\gitweb\node_modules\koa-router\lib\router.js:346:16
    at dispatch (F:\workspaces\gitweb\node_modules\koa-router\node_modules\koa-compose\index.js:44:32)
    at F:\workspaces\gitweb\node_modules\koa-router\node_modules\koa-compose\index.js:36:12
    at dispatch (F:\workspaces\gitweb\node_modules\koa-router\lib\router.js:351:31)
    at dispatch (F:\workspaces\gitweb\node_modules\koa-compose\index.js:42:32)
[2018-06-12T12:23:17.883] [ERROR] cheese - { Error: ENOENT: no such file or directory, open 'F:\workspaces\gitweb\dist\views\404.html'
  errno: -4058,
  code: 'ENOENT',
  syscall: 'open',
  path: 'F:\\workspaces\\gitweb\\dist\\views\\404.html' }
[2018-06-12T12:25:41.822] [ERROR] cheese - { Error: ENOENT: no such file or directory, open 'F:\workspaces\gitweb\dist\views\404.html'
  errno: -4058,
  code: 'ENOENT',
  syscall: 'open',
  path: 'F:\\workspaces\\gitweb\\dist\\views\\404.html' }
